2022-02-19 21:11:13,788 INFO  [Log] **************************************************************************************** 
2022-02-19 21:11:13,788 INFO  [Log] **************************************************************************************** 
2022-02-19 21:11:13,788 INFO  [Log] $$$$$$$$$$$$$$$$$$$$$                 Selenium_Test_001       $$$$$$$$$$$$$$$$$$$$$$$$$ 
2022-02-19 21:11:13,788 INFO  [Log] **************************************************************************************** 
2022-02-19 21:11:13,789 INFO  [Log] **************************************************************************************** 
2022-02-19 21:11:13,789 INFO  [Log] Open URL 
2022-02-19 21:11:24,725 INFO  [Log] Element is Absent 
2022-02-19 21:16:40,841 INFO  [Log] **************************************************************************************** 
2022-02-19 21:16:40,841 INFO  [Log] **************************************************************************************** 
2022-02-19 21:16:40,841 INFO  [Log] $$$$$$$$$$$$$$$$$$$$$                 Selenium_Test_001       $$$$$$$$$$$$$$$$$$$$$$$$$ 
2022-02-19 21:16:40,842 INFO  [Log] **************************************************************************************** 
2022-02-19 21:16:40,842 INFO  [Log] **************************************************************************************** 
2022-02-19 21:16:40,842 INFO  [Log] Open URL 
2022-02-19 21:16:54,025 INFO  [Log] Element is Absent 
2022-02-19 21:21:24,103 INFO  [Log] **************************************************************************************** 
2022-02-19 21:21:24,110 INFO  [Log] **************************************************************************************** 
2022-02-19 21:21:24,111 INFO  [Log] $$$$$$$$$$$$$$$$$$$$$                 Selenium_Test_001       $$$$$$$$$$$$$$$$$$$$$$$$$ 
2022-02-19 21:21:24,111 INFO  [Log] **************************************************************************************** 
2022-02-19 21:21:24,111 INFO  [Log] **************************************************************************************** 
2022-02-19 21:21:24,111 INFO  [Log] Open URL 
2022-02-19 21:21:40,478 INFO  [Log] Element is Absent 
2022-02-19 21:24:02,684 INFO  [Log] **************************************************************************************** 
2022-02-19 21:24:02,686 INFO  [Log] **************************************************************************************** 
2022-02-19 21:24:02,688 INFO  [Log] $$$$$$$$$$$$$$$$$$$$$                 Selenium_Test_001       $$$$$$$$$$$$$$$$$$$$$$$$$ 
2022-02-19 21:24:02,689 INFO  [Log] **************************************************************************************** 
2022-02-19 21:24:02,690 INFO  [Log] **************************************************************************************** 
2022-02-19 21:24:41,645 INFO  [Log] **************************************************************************************** 
2022-02-19 21:24:41,645 INFO  [Log] **************************************************************************************** 
2022-02-19 21:24:41,646 INFO  [Log] $$$$$$$$$$$$$$$$$$$$$                 Selenium_Test_001       $$$$$$$$$$$$$$$$$$$$$$$$$ 
2022-02-19 21:24:41,646 INFO  [Log] **************************************************************************************** 
2022-02-19 21:24:41,646 INFO  [Log] **************************************************************************************** 
2022-02-19 21:26:17,560 INFO  [Log] Open URL 
2022-02-19 21:26:28,492 INFO  [Log] Element is Absent 
2022-02-19 22:18:58,792 INFO  [Log] **************************************************************************************** 
2022-02-19 22:18:58,793 INFO  [Log] **************************************************************************************** 
2022-02-19 22:18:58,793 INFO  [Log] $$$$$$$$$$$$$$$$$$$$$                 Selenium_Test_001       $$$$$$$$$$$$$$$$$$$$$$$$$ 
2022-02-19 22:18:58,793 INFO  [Log] **************************************************************************************** 
2022-02-19 22:18:58,793 INFO  [Log] **************************************************************************************** 
2022-02-19 22:18:58,794 INFO  [Log] Open URL 
2022-02-19 22:19:15,126 INFO  [Log] Element is Present 
2022-02-19 22:33:16,142 INFO  [Log] **************************************************************************************** 
2022-02-19 22:33:16,189 INFO  [Log] **************************************************************************************** 
2022-02-19 22:33:16,189 INFO  [Log] $$$$$$$$$$$$$$$$$$$$$                 Selenium_Test_001       $$$$$$$$$$$$$$$$$$$$$$$$$ 
2022-02-19 22:33:16,189 INFO  [Log] **************************************************************************************** 
2022-02-19 22:33:16,190 INFO  [Log] **************************************************************************************** 
2022-02-19 22:33:16,190 INFO  [Log] Open URL 
2022-02-19 22:33:33,140 INFO  [Log] Element is Present 
2022-02-19 22:40:00,457 INFO  [Log] **************************************************************************************** 
2022-02-19 22:40:00,460 INFO  [Log] **************************************************************************************** 
2022-02-19 22:40:00,461 INFO  [Log] $$$$$$$$$$$$$$$$$$$$$                 Selenium_Test_001       $$$$$$$$$$$$$$$$$$$$$$$$$ 
2022-02-19 22:40:00,461 INFO  [Log] **************************************************************************************** 
2022-02-19 22:40:00,462 INFO  [Log] **************************************************************************************** 
2022-02-19 22:40:00,462 INFO  [Log] Open URL 
2022-02-19 22:40:20,355 INFO  [Log] Element is Present 
2022-02-19 23:00:47,712 INFO  [Log] **************************************************************************************** 
2022-02-19 23:00:47,718 INFO  [Log] **************************************************************************************** 
2022-02-19 23:00:47,718 INFO  [Log] $$$$$$$$$$$$$$$$$$$$$                 Selenium_Test_001       $$$$$$$$$$$$$$$$$$$$$$$$$ 
2022-02-19 23:00:47,719 INFO  [Log] **************************************************************************************** 
2022-02-19 23:00:47,719 INFO  [Log] **************************************************************************************** 
2022-02-19 23:00:47,720 INFO  [Log] Open URL 
2022-02-19 23:01:02,900 INFO  [Log] Element is Present 
2022-02-20 14:59:25,271 INFO  [Log] **************************************************************************************** 
2022-02-20 14:59:25,276 INFO  [Log] **************************************************************************************** 
2022-02-20 14:59:25,277 INFO  [Log] $$$$$$$$$$$$$$$$$$$$$                 Selenium_Test_001       $$$$$$$$$$$$$$$$$$$$$$$$$ 
2022-02-20 14:59:25,277 INFO  [Log] **************************************************************************************** 
2022-02-20 14:59:25,277 INFO  [Log] **************************************************************************************** 
2022-02-20 14:59:25,278 INFO  [Log] Open URL 
2022-02-20 14:59:25,279 ERROR [Log] test 
2022-02-20 14:59:35,423 INFO  [Log] Element is Absent 
2022-02-20 15:11:34,053 INFO  [Log] **************************************************************************************** 
2022-02-20 15:11:34,093 INFO  [Log] **************************************************************************************** 
2022-02-20 15:11:34,094 INFO  [Log] $$$$$$$$$$$$$$$$$$$$$                 Selenium_Test_001       $$$$$$$$$$$$$$$$$$$$$$$$$ 
2022-02-20 15:11:34,094 INFO  [Log] **************************************************************************************** 
2022-02-20 15:11:34,095 INFO  [Log] **************************************************************************************** 
2022-02-20 15:11:34,096 INFO  [Log] Open URL 
2022-07-08 22:35:40,925 INFO  [Log] **************************************************************************************** 
2022-07-08 22:35:40,942 INFO  [Log] **************************************************************************************** 
2022-07-08 22:35:40,943 INFO  [Log] $$$$$$$$$$$$$$$$$$$$$                 Selenium_Test_001       $$$$$$$$$$$$$$$$$$$$$$$$$ 
2022-07-08 22:35:40,943 INFO  [Log] **************************************************************************************** 
2022-07-08 22:35:40,944 INFO  [Log] **************************************************************************************** 
2022-07-08 22:35:40,945 INFO  [Log] Open URL 
2022-07-08 22:40:37,210 INFO  [Log] **************************************************************************************** 
2022-07-08 22:40:37,214 INFO  [Log] **************************************************************************************** 
2022-07-08 22:40:37,215 INFO  [Log] $$$$$$$$$$$$$$$$$$$$$                 Selenium_Test_001       $$$$$$$$$$$$$$$$$$$$$$$$$ 
2022-07-08 22:40:37,215 INFO  [Log] **************************************************************************************** 
2022-07-08 22:40:37,216 INFO  [Log] **************************************************************************************** 
2022-07-08 22:40:37,216 INFO  [Log] Open URL 
2022-07-08 22:41:43,653 INFO  [Log] **************************************************************************************** 
2022-07-08 22:41:43,658 INFO  [Log] **************************************************************************************** 
2022-07-08 22:41:43,659 INFO  [Log] $$$$$$$$$$$$$$$$$$$$$                 Selenium_Test_001       $$$$$$$$$$$$$$$$$$$$$$$$$ 
2022-07-08 22:41:43,659 INFO  [Log] **************************************************************************************** 
2022-07-08 22:41:43,660 INFO  [Log] **************************************************************************************** 
2022-07-08 22:41:43,660 INFO  [Log] Open URL 
2022-07-08 22:42:08,534 INFO  [Log] Element is Present 
2022-07-08 22:55:17,994 INFO  [Log] **************************************************************************************** 
2022-07-08 22:55:17,999 INFO  [Log] **************************************************************************************** 
2022-07-08 22:55:17,999 INFO  [Log] $$$$$$$$$$$$$$$$$$$$$                 Selenium_Test_001       $$$$$$$$$$$$$$$$$$$$$$$$$ 
2022-07-08 22:55:18,000 INFO  [Log] **************************************************************************************** 
2022-07-08 22:55:18,000 INFO  [Log] **************************************************************************************** 
2022-07-08 22:55:18,001 INFO  [Log] Open URL 
2022-07-08 22:55:34,012 INFO  [Log] Element is Present 
2022-07-09 21:24:05,931 INFO  [Log] **************************************************************************************** 
2022-07-09 21:24:05,950 INFO  [Log] **************************************************************************************** 
2022-07-09 21:24:05,950 INFO  [Log] $$$$$$$$$$$$$$$$$$$$$                 Selenium_Test_001       $$$$$$$$$$$$$$$$$$$$$$$$$ 
2022-07-09 21:24:05,951 INFO  [Log] **************************************************************************************** 
2022-07-09 21:24:05,951 INFO  [Log] **************************************************************************************** 
2022-07-09 21:24:05,952 INFO  [Log] Open URL 
2022-07-09 21:24:20,212 INFO  [Log] Element is Present 
2022-07-09 21:30:49,134 INFO  [Log] **************************************************************************************** 
2022-07-09 21:30:49,138 INFO  [Log] **************************************************************************************** 
2022-07-09 21:30:49,138 INFO  [Log] $$$$$$$$$$$$$$$$$$$$$                 Selenium_Test_001       $$$$$$$$$$$$$$$$$$$$$$$$$ 
2022-07-09 21:30:49,139 INFO  [Log] **************************************************************************************** 
2022-07-09 21:30:49,139 INFO  [Log] **************************************************************************************** 
2022-07-09 21:30:49,140 INFO  [Log] Open URL 
2022-07-09 21:31:04,422 INFO  [Log] Element is Present 
2022-07-09 21:34:01,110 INFO  [Log] **************************************************************************************** 
2022-07-09 21:34:01,175 INFO  [Log] **************************************************************************************** 
2022-07-09 21:34:01,176 INFO  [Log] $$$$$$$$$$$$$$$$$$$$$                 Selenium_Test_001       $$$$$$$$$$$$$$$$$$$$$$$$$ 
2022-07-09 21:34:01,177 INFO  [Log] **************************************************************************************** 
2022-07-09 21:34:01,177 INFO  [Log] **************************************************************************************** 
2022-07-09 21:34:01,177 INFO  [Log] Open URL 
2022-07-09 21:34:23,830 INFO  [Log] Element is Present 
2022-07-10 08:23:25,181 INFO  [Log] **************************************************************************************** 
2022-07-10 08:23:25,184 INFO  [Log] **************************************************************************************** 
2022-07-10 08:23:25,184 INFO  [Log] $$$$$$$$$$$$$$$$$$$$$                 Selenium_Test_001       $$$$$$$$$$$$$$$$$$$$$$$$$ 
2022-07-10 08:23:25,185 INFO  [Log] **************************************************************************************** 
2022-07-10 08:23:25,185 INFO  [Log] **************************************************************************************** 
2022-07-10 08:23:25,185 INFO  [Log] Open URL 
2022-07-10 08:23:43,895 INFO  [Log] Element is Present 
2022-07-10 12:04:16,756 INFO  [Log] **************************************************************************************** 
2022-07-10 12:04:16,771 INFO  [Log] **************************************************************************************** 
2022-07-10 12:04:16,772 INFO  [Log] $$$$$$$$$$$$$$$$$$$$$                 Selenium_Test_001       $$$$$$$$$$$$$$$$$$$$$$$$$ 
2022-07-10 12:04:16,772 INFO  [Log] **************************************************************************************** 
2022-07-10 12:04:16,772 INFO  [Log] **************************************************************************************** 
2022-07-10 12:04:16,773 INFO  [Log] Open URL 
2022-07-10 12:04:30,026 INFO  [Log] Element is Present 
2022-07-10 12:08:36,267 INFO  [Log] **************************************************************************************** 
2022-07-10 12:08:36,272 INFO  [Log] **************************************************************************************** 
2022-07-10 12:08:36,273 INFO  [Log] $$$$$$$$$$$$$$$$$$$$$                 Selenium_Test_001       $$$$$$$$$$$$$$$$$$$$$$$$$ 
2022-07-10 12:08:36,273 INFO  [Log] **************************************************************************************** 
2022-07-10 12:08:36,273 INFO  [Log] **************************************************************************************** 
2022-07-10 12:08:36,274 INFO  [Log] Open URL 
2022-07-10 12:08:51,885 INFO  [Log] Element is Present 
